<?xml version="1.0" encoding="UTF-8"?>
<!-- Generated by org.testng.reporters.JUnitXMLReporter -->
<testsuite hostname="JATIN" name="Test-method test" tests="4" failures="0" timestamp="26 Nov 2016 18:07:31 GMT" time="37.386" errors="0">
  <testcase name="login" time="27.276" classname="home.sample"/>
  <testcase name="login" time="29.24" classname="home.sample"/>
  <testcase name="login" time="34.981" classname="home.sample"/>
  <testcase name="login" time="37.291" classname="home.sample"/>
</testsuite> <!-- Test-method test -->
