<?xml version="1.0" encoding="UTF-8"?>
<!-- Generated by org.testng.reporters.JUnitReportReporter -->
<testsuite skipped="0" hostname="JATIN" name="home.sample" tests="4" failures="0" timestamp="26 Nov 2016 18:10:29 GMT" time="134.711" errors="0">
  <testcase name="login" time="41.821" classname="home.sample"/>
  <testcase name="login" time="25.551" classname="home.sample"/>
  <testcase name="login" time="30.373" classname="home.sample"/>
  <testcase name="login" time="36.966" classname="home.sample"/>
</testsuite> <!-- home.sample -->
